{"uuid":"ce52604a-fb85-4d84-a3fe-511245878267","historyId":"76c4b70902d2698e88430f0b0b2b73ce","fullName":"HalvaotProject.Halvaot.test10closeDeal","labels":[{"name":"package","value":"HalvaotProject.Halvaot"},{"name":"testClass","value":"HalvaotProject.Halvaot"},{"name":"testMethod","value":"test10closeDeal"},{"name":"parentSuite","value":"Default Suite"},{"name":"suite","value":"TestAutomation"},{"name":"subSuite","value":"HalvaotProject.Halvaot"},{"name":"host","value":"Or-pc"},{"name":"thread","value":"3028@Or-pc.main(1)"},{"name":"framework","value":"testng"},{"name":"language","value":"java"}],"links":[],"name":"בדיקת שמירה עסקה","status":"skipped","statusDetails":{"known":false,"muted":false,"flaky":false,"message":"java.io.FileNotFoundException: src\\test\\resources\\urlData (The system cannot find the file specified)","trace":"java.lang.RuntimeException: java.io.FileNotFoundException: src\\test\\resources\\urlData (The system cannot find the file specified)\r\n\tat Utils.JsonUtils.returnJsonObject(JsonUtils.java:30)\r\n\tat HalvaotProject.Halvaot.startSession(Halvaot.java:53)\r\n\tat sun.reflect.NativeMethodAccessorImpl.invoke0(Native Method)\r\n\tat sun.reflect.NativeMethodAccessorImpl.invoke(NativeMethodAccessorImpl.java:62)\r\n\tat sun.reflect.DelegatingMethodAccessorImpl.invoke(DelegatingMethodAccessorImpl.java:43)\r\n\tat java.lang.reflect.Method.invoke(Method.java:498)\r\n\tat org.testng.internal.MethodInvocationHelper.invokeMethod(MethodInvocationHelper.java:133)\r\n\tat org.testng.internal.MethodInvocationHelper.invokeMethodConsideringTimeout(MethodInvocationHelper.java:62)\r\n\tat org.testng.internal.ConfigInvoker.invokeConfigurationMethod(ConfigInvoker.java:385)\r\n\tat org.testng.internal.ConfigInvoker.invokeConfigurations(ConfigInvoker.java:321)\r\n\tat org.testng.internal.TestMethodWorker.invokeBeforeClassMethods(TestMethodWorker.java:176)\r\n\tat org.testng.internal.TestMethodWorker.run(TestMethodWorker.java:122)\r\n\tat java.util.ArrayList.forEach(ArrayList.java:1257)\r\n\tat org.testng.TestRunner.privateRun(TestRunner.java:794)\r\n\tat org.testng.TestRunner.run(TestRunner.java:596)\r\n\tat org.testng.SuiteRunner.runTest(SuiteRunner.java:377)\r\n\tat org.testng.SuiteRunner.runSequentially(SuiteRunner.java:371)\r\n\tat org.testng.SuiteRunner.privateRun(SuiteRunner.java:332)\r\n\tat org.testng.SuiteRunner.run(SuiteRunner.java:276)\r\n\tat org.testng.SuiteRunnerWorker.runSuite(SuiteRunnerWorker.java:53)\r\n\tat org.testng.SuiteRunnerWorker.run(SuiteRunnerWorker.java:96)\r\n\tat org.testng.TestNG.runSuitesSequentially(TestNG.java:1212)\r\n\tat org.testng.TestNG.runSuitesLocally(TestNG.java:1134)\r\n\tat org.testng.TestNG.runSuites(TestNG.java:1063)\r\n\tat org.testng.TestNG.run(TestNG.java:1031)\r\n\tat com.intellij.rt.testng.IDEARemoteTestNG.run(IDEARemoteTestNG.java:66)\r\n\tat com.intellij.rt.testng.RemoteTestNGStarter.main(RemoteTestNGStarter.java:109)\r\nCaused by: java.io.FileNotFoundException: src\\test\\resources\\urlData (The system cannot find the file specified)\r\n\tat java.io.FileInputStream.open0(Native Method)\r\n\tat java.io.FileInputStream.open(FileInputStream.java:195)\r\n\tat java.io.FileInputStream.<init>(FileInputStream.java:138)\r\n\tat java.io.FileInputStream.<init>(FileInputStream.java:93)\r\n\tat java.io.FileReader.<init>(FileReader.java:58)\r\n\tat Utils.JsonUtils.returnJsonObject(JsonUtils.java:28)\r\n\t... 26 more\r\n"},"stage":"finished","description":"בדיקת שמירה עסקה עם הודעה = נשמר בהצלחה","steps":[],"attachments":[],"parameters":[],"start":1708263716852,"stop":1708263716852}